#
# A fatal error has been detected by the Java Runtime Environment:
#
#  SIGILL (0x4) at pc=0x00007fffc628a44e, pid=4587, tid=0x0000000000000307
#
# JRE version: Java(TM) SE Runtime Environment (8.0_144-b01) (build 1.8.0_144-b01)
# Java VM: Java HotSpot(TM) 64-Bit Server VM (25.144-b01 mixed mode bsd-amd64 compressed oops)
# Problematic frame:
# C  [AppKit+0x3a544e]  -[NSApplication _crashOnException:]+0x6d
#
# Failed to write core dump. Core dumps have been disabled. To enable core dumping, try "ulimit -c unlimited" before starting Java again
#
# If you would like to submit a bug report, please visit:
#   http://bugreport.java.com/bugreport/crash.jsp
# The crash happened outside the Java Virtual Machine in native code.
# See problematic frame for where to report the bug.
#

---------------  T H R E A D  ---------------

Current thread (0x00007fcbb4847800):  JavaThread "AWT-AppKit" daemon [_thread_in_native, id=775, stack(0x00007fff5e75f000,0x00007fff5ef5f000)]

siginfo: si_signo: 4 (SIGILL), si_code: 1 (ILL_ILLOPC), si_addr: 0x00007fffc628a44e

Registers:
RAX=0x00007fcbb530c000, RBX=0x00007fcbb46dd900, RCX=0x0000000000000001, RDX=0x0000000000000000
RSP=0x00007fff5ef5a530, RBP=0x00007fff5ef5a540, RSI=0x0000000000000e64, RDI=0x00007fcbb46e0bc0
R8 =0x0000000008000100, R9 =0x0000000000000000, R10=0x00007fffe34db190, R11=0xfffffffffffc37ff
R12=0x00007fffc6b5500c, R13=0xff659cba0f00006c, R14=0x00007fffdd2f0040, R15=0x00007fcbb45a39a0
RIP=0x00007fffc628a44e, EFLAGS=0x0000000000010206, ERR=0x0000000000000000
  TRAPNO=0x0000000000000006

Top of Stack: (sp=0x00007fff5ef5a530)
0x00007fff5ef5a530:   00007fcbb46d9d08 00007fcbb7897060
0x00007fff5ef5a540:   00007fff5ef5a620 00007fffc635da32
0x00007fff5ef5a550:   0000000100cbd000 000000001bae5271
0x00007fff5ef5a560:   00007fff5ef5a5a0 00007fffdddbb91f
0x00007fff5ef5a570:   0000000000000003 0000000000000002
0x00007fff5ef5a580:   0000000100cbd000 0000000000000002
0x00007fff5ef5a590:   0000000100cc0a00 0000000100cc1e00
0x00007fff5ef5a5a0:   00007fff5ef5a680 00007fffdddba472
0x00007fff5ef5a5b0:   ffff80344b922cd0 00007fffe6aabb08
0x00007fff5ef5a5c0:   00007fcbb46dd330 0000000000000003
0x00007fff5ef5a5d0:   00007fff5ef5a660 00007fffdddd14de
0x00007fff5ef5a5e0:   0000000000000000 00007fcbb46dd330
0x00007fff5ef5a5f0:   ff659cba0f00006c 00007fcbb45a39a0
0x00007fff5ef5a600:   0000000000000001 00007fcbb470b88a
0x00007fff5ef5a610:   00007fcbb45a39b0 00007fff5ef5a640
0x00007fff5ef5a620:   00007fff5ef5a630 00007fffc8453d37
0x00007fff5ef5a630:   00007fff5ef5a6d0 00007fffc8453ca7
0x00007fff5ef5a640:   00007fcbb45a39a0 fd00000070001002
0x00007fff5ef5a650:   00007fffe34e7644 0000000000000001
0x00007fff5ef5a660:   00007fff5ef5a6d0 00007fffc8453b76
0x00007fff5ef5a670:   00007fff5ef5a640 00007fff5ef5a670
0x00007fff5ef5a680:   00007fcbb470b860 00007fcbb470b920
0x00007fff5ef5a690:   00007fff5ef5a640 0000000000000002
0x00007fff5ef5a6a0:   ff659cba0f00006c 0000000000000001
0x00007fff5ef5a6b0:   00007fcbb470b850 00007fcbb470b910
0x00007fff5ef5a6c0:   0000000000000d03 00007fcbb470b801
0x00007fff5ef5a6d0:   00007fff5ef5b3c0 00007fffc84346d9
0x00007fff5ef5a6e0:   0000000000000000 0000000000000000
0x00007fff5ef5a6f0:   00007fffe34ddda0 00007fcbb46e09b0
0x00007fff5ef5a700:   0000000000000000 00007fcbb46e09c0
0x00007fff5ef5a710:   b470b80100000000 0000000000000000
0x00007fff5ef5a720:   0000000100000000 00007fffc6b4a05a 

Instructions: (pc=0x00007fffc628a44e)
0x00007fffc628a42e:   48 89 c7 ff 15 21 9d 95 1c 48 8b 35 9a ca c2 1c
0x00007fffc628a43e:   48 89 c7 ff 15 11 9d 95 1c 48 89 05 72 c3 c9 1c
0x00007fffc628a44e:   0f 0b 48 89 c7 e8 2e f8 7f 00 31 ff 31 f6 31 c0
0x00007fffc628a45e:   e8 18 c5 e2 ff e8 42 f8 7f 00 48 89 c3 e8 2e f8 

Register to memory mapping:

RAX=0x00007fcbb530c000 is an unknown value
RBX=0x00007fcbb46dd900 is an unknown value
RCX=0x0000000000000001 is an unknown value
RDX=0x0000000000000000 is an unknown value
RSP=0x00007fff5ef5a530 is pointing into the stack for thread: 0x00007fcbb4847800
RBP=0x00007fff5ef5a540 is pointing into the stack for thread: 0x00007fcbb4847800
RSI=0x0000000000000e64 is an unknown value
RDI=0x00007fcbb46e0bc0 is an unknown value
R8 =0x0000000008000100 is an unknown value
R9 =0x0000000000000000 is an unknown value
R10=0x00007fffe34db190: OBJC_CLASS_$___NSCFString+0 in /System/Library/Frameworks/CoreFoundation.framework/Versions/A/CoreFoundation at 0x00007fffc83ad000
R11=0xfffffffffffc37ff is an unknown value
R12=0x00007fffc6b5500c: __NSStyleNameIndexTable+0x82c54 in /System/Library/Frameworks/AppKit.framework/Versions/C/AppKit at 0x00007fffc5ee5000
R13=0xff659cba0f00006c is an unknown value
R14=0x00007fffdd2f0040: objc_msgSend+0 in /usr/lib/libobjc.A.dylib at 0x00007fffdd2e9000
R15=0x00007fcbb45a39a0 is an unknown value


Stack: [0x00007fff5e75f000,0x00007fff5ef5f000],  sp=0x00007fff5ef5a530,  free space=8173k
Native frames: (J=compiled Java code, j=interpreted, Vv=VM code, C=native code)
C  [AppKit+0x3a544e]  -[NSApplication _crashOnException:]+0x6d
C  [AppKit+0x478a32]  __37+[NSDisplayCycle currentDisplayCycle]_block_invoke.31+0x2c4
C  [CoreFoundation+0xa6d37]  __CFRUNLOOP_IS_CALLING_OUT_TO_AN_OBSERVER_CALLBACK_FUNCTION__+0x17
C  [CoreFoundation+0xa6ca7]  __CFRunLoopDoObservers+0x187
C  [CoreFoundation+0x876d9]  __CFRunLoopRun+0x369
C  [CoreFoundation+0x87114]  CFRunLoopRunSpecific+0x1a4
C  [HIToolbox+0x30ebc]  RunCurrentEventLoopInMode+0xf0
C  [HIToolbox+0x30cf1]  ReceiveNextEventCommon+0x1b0
C  [HIToolbox+0x30b26]  _BlockUntilNextEventMatchingListInModeWithFilter+0x47
C  [AppKit+0x46a54]  _DPSNextEvent+0x460
C  [AppKit+0x7c27ee]  -[NSApplication(NSEvent) _nextEventMatchingEventMask:untilDate:inMode:dequeue:]+0xaec
C  [libosxapp.dylib+0x23aa]  -[NSApplicationAWT nextEventMatchingMask:untilDate:inMode:dequeue:]+0x7c
C  [AppKit+0x3b3db]  -[NSApplication run]+0x39e
C  [libosxapp.dylib+0x214d]  +[NSApplicationAWT runAWTLoopWithApp:]+0x9c
C  [libawt_lwawt.dylib+0x45edf]  -[AWTStarter starter:]+0x389
C  [Foundation+0x7152a]  __NSThreadPerformPerform+0x146
C  [CoreFoundation+0xa7321]  __CFRUNLOOP_IS_CALLING_OUT_TO_A_SOURCE0_PERFORM_FUNCTION__+0x11
C  [CoreFoundation+0x8821d]  __CFRunLoopDoSources0+0x22d
C  [CoreFoundation+0x87716]  __CFRunLoopRun+0x3a6
C  [CoreFoundation+0x87114]  CFRunLoopRunSpecific+0x1a4
C  [java+0x6465]  CreateExecutionEnvironment+0x367
C  [java+0x218c]  JLI_Launch+0x7a0
C  [java+0x84c2]  main+0x65
C  [java+0x19e4]  start+0x34
C  0x0000000000000005


---------------  P R O C E S S  ---------------

Java Threads: ( => current thread )
  0x00007fcbb5316800 JavaThread "J3D-Renderer-1" [_thread_blocked, id=70147, stack(0x0000700002282000,0x0000700002382000)]
  0x00007fcbb899e000 JavaThread "J3D-MasterControl-1" [_thread_blocked, id=69635, stack(0x000070000217f000,0x000070000227f000)]
  0x00007fcbb8b46000 JavaThread "J3D-NotificationThread" [_thread_blocked, id=69123, stack(0x000070000207c000,0x000070000217c000)]
  0x00007fcbb8b38800 JavaThread "J3D-TimerThread" [_thread_blocked, id=68611, stack(0x0000700001f79000,0x0000700002079000)]
  0x00007fcbb8953000 JavaThread "J3D-RenderingAttributesStructureUpdateThread" [_thread_blocked, id=68119, stack(0x0000700001e76000,0x0000700001f76000)]
  0x00007fcbb8990800 JavaThread "AWT-EventQueue-0" [_thread_in_native, id=66563, stack(0x0000700001d73000,0x0000700001e73000)]
  0x00007fcbb5259800 JavaThread "Java2D Disposer" daemon [_thread_blocked, id=66051, stack(0x0000700001c70000,0x0000700001d70000)]
  0x00007fcbb4936000 JavaThread "Java2D Queue Flusher" daemon [_thread_blocked, id=63751, stack(0x0000700001aea000,0x0000700001bea000)]
  0x00007fcbb6837000 JavaThread "AWT-Shutdown" [_thread_blocked, id=33051, stack(0x00007000017db000,0x00007000018db000)]
=>0x00007fcbb4847800 JavaThread "AWT-AppKit" daemon [_thread_in_native, id=775, stack(0x00007fff5e75f000,0x00007fff5ef5f000)]
  0x00007fcbb7803800 JavaThread "Service Thread" daemon [_thread_blocked, id=21251, stack(0x0000700001552000,0x0000700001652000)]
  0x00007fcbb8002000 JavaThread "C1 CompilerThread3" daemon [_thread_blocked, id=20739, stack(0x000070000144f000,0x000070000154f000)]
  0x00007fcbb8000000 JavaThread "C2 CompilerThread2" daemon [_thread_blocked, id=20227, stack(0x000070000134c000,0x000070000144c000)]
  0x00007fcbb8831000 JavaThread "C2 CompilerThread1" daemon [_thread_blocked, id=19715, stack(0x0000700001249000,0x0000700001349000)]
  0x00007fcbb882f000 JavaThread "C2 CompilerThread0" daemon [_thread_blocked, id=19203, stack(0x0000700001146000,0x0000700001246000)]
  0x00007fcbb8847000 JavaThread "Signal Dispatcher" daemon [_thread_blocked, id=18691, stack(0x0000700001043000,0x0000700001143000)]
  0x00007fcbb6814800 JavaThread "Finalizer" daemon [_thread_blocked, id=14595, stack(0x0000700000f40000,0x0000700001040000)]
  0x00007fcbb8826800 JavaThread "Reference Handler" daemon [_thread_blocked, id=14083, stack(0x0000700000e3d000,0x0000700000f3d000)]
  0x00007fcbb6806000 JavaThread "main" [_thread_in_vm, id=7171, stack(0x000070000041f000,0x000070000051f000)]

Other Threads:
  0x00007fcbb4815800 VMThread [stack: 0x0000700000d3a000,0x0000700000e3a000] [id=13571]
  0x00007fcbb7804800 WatcherThread [stack: 0x0000700001655000,0x0000700001755000] [id=21763]

VM state:not at safepoint (normal execution)

VM Mutex/Monitor currently owned by a thread: None

Heap:
 PSYoungGen      total 76288K, used 43317K [0x000000076ab00000, 0x0000000770000000, 0x00000007c0000000)
  eden space 65536K, 66% used [0x000000076ab00000,0x000000076d54d450,0x000000076eb00000)
  from space 10752K, 0% used [0x000000076f580000,0x000000076f580000,0x0000000770000000)
  to   space 10752K, 0% used [0x000000076eb00000,0x000000076eb00000,0x000000076f580000)
 ParOldGen       total 175104K, used 0K [0x00000006c0000000, 0x00000006cab00000, 0x000000076ab00000)
  object space 175104K, 0% used [0x00000006c0000000,0x00000006c0000000,0x00000006cab00000)
 Metaspace       used 18210K, capacity 18610K, committed 18816K, reserved 1067008K
  class space    used 1952K, capacity 2071K, committed 2176K, reserved 1048576K

Card table byte_map: [0x0000000103167000,0x0000000103968000] byte_map_base: 0x00000000ffb67000

Marking Bits: (ParMarkBitMap*) 0x00000001026f35d0
 Begin Bits: [0x0000000117541000, 0x000000011b541000)
 End Bits:   [0x000000011b541000, 0x000000011f541000)

Polling page: 0x0000000100d61000

CodeCache: size=245760Kb used=3640Kb max_used=3640Kb free=242119Kb
 bounds [0x0000000108541000, 0x00000001088d1000, 0x0000000117541000]
 total_blobs=1823 nmethods=931 adapters=806
 compilation: enabled

Compilation events (10 events):
Event: 3.223 Thread 0x00007fcbb8002000  920       3       java.lang.Character::isHighSurrogate (18 bytes)
Event: 3.223 Thread 0x00007fcbb8002000 nmethod 920 0x00000001088cabd0 code [0x00000001088cad40, 0x00000001088caf10]
Event: 3.223 Thread 0x00007fcbb8002000  921       3       java.util.regex.Pattern$Ctype::isSatisfiedBy (24 bytes)
Event: 3.224 Thread 0x00007fcbb8002000 nmethod 921 0x00000001088caf90 code [0x00000001088cb120, 0x00000001088cb4b0]
Event: 3.230 Thread 0x00007fcbb8002000  922       3       java.nio.Bits::byteOrder (20 bytes)
Event: 3.230 Thread 0x00007fcbb8002000 nmethod 922 0x00000001088cb650 code [0x00000001088cb7c0, 0x00000001088cb910]
Event: 3.233 Thread 0x00007fcbb8002000  923       3       java.util.concurrent.locks.AbstractQueuedSynchronizer::setState (6 bytes)
Event: 3.233 Thread 0x00007fcbb8002000 nmethod 923 0x00000001088cb990 code [0x00000001088cbae0, 0x00000001088cbc30]
Event: 3.234 Thread 0x00007fcbb8002000  924       3       java.io.BufferedOutputStream::flushBuffer (29 bytes)
Event: 3.234 Thread 0x00007fcbb8002000 nmethod 924 0x00000001088cbc90 code [0x00000001088cbe00, 0x00000001088cc088]

GC Heap History (0 events):
No events

Deoptimization events (10 events):
Event: 0.609 Thread 0x00007fcbb6806000 Uncommon trap: reason=unstable_if action=reinterpret pc=0x00000001087591e0 method=java.util.regex.Pattern$Single.isSatisfiedBy(I)Z @ 5
Event: 0.609 Thread 0x00007fcbb6806000 Uncommon trap: reason=class_check action=maybe_recompile pc=0x000000010875ca4c method=java.util.regex.Pattern$Curly.match(Ljava/util/regex/Matcher;ILjava/lang/CharSequence;)Z @ 19
Event: 0.609 Thread 0x00007fcbb6806000 Uncommon trap: reason=unstable_if action=reinterpret pc=0x000000010875ca9c method=java.util.regex.Pattern$Curly.match(Ljava/util/regex/Matcher;ILjava/lang/CharSequence;)Z @ 9
Event: 0.609 Thread 0x00007fcbb6806000 Uncommon trap: reason=predicate action=maybe_recompile pc=0x0000000108775cc8 method=java.util.regex.Pattern$Start.match(Ljava/util/regex/Matcher;ILjava/lang/CharSequence;)Z @ 37
Event: 0.609 Thread 0x00007fcbb6806000 Uncommon trap: reason=unstable_if action=reinterpret pc=0x000000010875bcf4 method=java.util.regex.Pattern$Single.isSatisfiedBy(I)Z @ 5
Event: 0.698 Thread 0x00007fcbb6806000 Uncommon trap: reason=unstable_if action=reinterpret pc=0x000000010878e620 method=java.util.HashMap.getNode(ILjava/lang/Object;)Ljava/util/HashMap$Node; @ 116
Event: 1.855 Thread 0x00007fcbb6806000 Uncommon trap: reason=unstable_if action=reinterpret pc=0x00000001086e8dc8 method=java.lang.String.replace(CC)Ljava/lang/String; @ 26
Event: 1.914 Thread 0x00007fcbb6806000 Uncommon trap: reason=unstable_if action=reinterpret pc=0x0000000108799198 method=java.util.zip.ZipCoder.decoder()Ljava/nio/charset/CharsetDecoder; @ 4
Event: 1.921 Thread 0x00007fcbb6806000 Uncommon trap: reason=unstable_if action=reinterpret pc=0x00000001087af8c0 method=java.util.HashMap.hash(Ljava/lang/Object;)I @ 1
Event: 1.924 Thread 0x00007fcbb6806000 Uncommon trap: reason=unstable_if action=reinterpret pc=0x0000000108813228 method=java.util.HashMap.hash(Ljava/lang/Object;)I @ 1

Internal exceptions (10 events):
Event: 0.540 Thread 0x00007fcbb6806000 Exception <a 'java/lang/UnsatisfiedLinkError': com.jogamp.common.util.JarUtil.fixNativeLibAttribs(Ljava/lang/String;)Z> (0x000000076b669a48) thrown at [/Users/java_re/workspace/8-2-build-macosx-x86_64/jdk8u144/9417/hotspot/src/share/vm/prims/nativeLookup.
Event: 0.541 Thread 0x00007fcbb6806000 Exception <a 'java/lang/UnsatisfiedLinkError': com.jogamp.common.util.JarUtil.fixNativeLibAttribs(Ljava/lang/String;)Z> (0x000000076b677c60) thrown at [/Users/java_re/workspace/8-2-build-macosx-x86_64/jdk8u144/9417/hotspot/src/share/vm/prims/nativeLookup.
Event: 0.543 Thread 0x00007fcbb6806000 Exception <a 'java/lang/UnsatisfiedLinkError': com.jogamp.common.util.JarUtil.fixNativeLibAttribs(Ljava/lang/String;)Z> (0x000000076b680900) thrown at [/Users/java_re/workspace/8-2-build-macosx-x86_64/jdk8u144/9417/hotspot/src/share/vm/prims/nativeLookup.
Event: 0.544 Thread 0x00007fcbb6806000 Exception <a 'java/lang/UnsatisfiedLinkError': com.jogamp.common.util.JarUtil.fixNativeLibAttribs(Ljava/lang/String;)Z> (0x000000076b7db458) thrown at [/Users/java_re/workspace/8-2-build-macosx-x86_64/jdk8u144/9417/hotspot/src/share/vm/prims/nativeLookup.
Event: 0.553 Thread 0x00007fcbb6806000 Exception <a 'java/lang/UnsatisfiedLinkError': com.jogamp.common.util.JarUtil.fixNativeLibAttribs(Ljava/lang/String;)Z> (0x000000076b7e41a0) thrown at [/Users/java_re/workspace/8-2-build-macosx-x86_64/jdk8u144/9417/hotspot/src/share/vm/prims/nativeLookup.
Event: 0.554 Thread 0x00007fcbb6806000 Exception <a 'java/lang/UnsatisfiedLinkError': com.jogamp.common.util.JarUtil.fixNativeLibAttribs(Ljava/lang/String;)Z> (0x000000076b7ece40) thrown at [/Users/java_re/workspace/8-2-build-macosx-x86_64/jdk8u144/9417/hotspot/src/share/vm/prims/nativeLookup.
Event: 0.564 Thread 0x00007fcbb6806000 Exception <a 'java/lang/UnsatisfiedLinkError': com.jogamp.common.util.JarUtil.fixNativeLibAttribs(Ljava/lang/String;)Z> (0x000000076b7f5b38) thrown at [/Users/java_re/workspace/8-2-build-macosx-x86_64/jdk8u144/9417/hotspot/src/share/vm/prims/nativeLookup.
Event: 0.572 Thread 0x00007fcbb6806000 Exception <a 'java/lang/UnsatisfiedLinkError': com.jogamp.common.util.JarUtil.fixNativeLibAttribs(Ljava/lang/String;)Z> (0x000000076b7fe7e8) thrown at [/Users/java_re/workspace/8-2-build-macosx-x86_64/jdk8u144/9417/hotspot/src/share/vm/prims/nativeLookup.
Event: 1.921 Thread 0x00007fcbb6806000 Implicit null exception at 0x00000001087af675 to 0x00000001087af8b1
Event: 1.924 Thread 0x00007fcbb6806000 Implicit null exception at 0x00000001088131af to 0x0000000108813219

Events (10 events):
Event: 3.165 loading class javax/media/j3d/LightRetained
Event: 3.165 loading class javax/media/j3d/LightRetained done
Event: 3.174 loading class javax/media/j3d/JoglPipeline$ContextQuerier
Event: 3.174 loading class javax/media/j3d/JoglPipeline$ContextQuerier done
Event: 3.224 loading class java/util/regex/Pattern$Dot
Event: 3.224 loading class java/util/regex/Pattern$Dot done
Event: 3.234 loading class javax/media/j3d/BoundingLeaf
Event: 3.234 loading class javax/media/j3d/BoundingLeaf done
Event: 3.236 loading class javax/media/j3d/AmbientLightRetained
Event: 3.236 loading class javax/media/j3d/AmbientLightRetained done


Dynamic libraries:
0x0000000053034000 	/System/Library/Frameworks/Cocoa.framework/Versions/A/Cocoa
0x0000000053034000 	/System/Library/Frameworks/Security.framework/Versions/A/Security
0x0000000053034000 	/System/Library/Frameworks/ApplicationServices.framework/Versions/A/ApplicationServices
0x0000000053034000 	/usr/lib/libz.1.dylib
0x0000000053034000 	/usr/lib/libSystem.B.dylib
0x0000000053034000 	/usr/lib/libobjc.A.dylib
0x0000000053034000 	/System/Library/Frameworks/CoreFoundation.framework/Versions/A/CoreFoundation
0x0000000053034000 	/System/Library/Frameworks/Foundation.framework/Versions/C/Foundation
0x0000000053034000 	/System/Library/Frameworks/AppKit.framework/Versions/C/AppKit
0x0000000053034000 	/System/Library/Frameworks/CoreData.framework/Versions/A/CoreData
0x0000000053034000 	/System/Library/PrivateFrameworks/RemoteViewServices.framework/Versions/A/RemoteViewServices
0x0000000053034000 	/System/Library/PrivateFrameworks/UIFoundation.framework/Versions/A/UIFoundation
0x0000000053034000 	/System/Library/PrivateFrameworks/DFRFoundation.framework/Versions/A/DFRFoundation
0x0000000053034000 	/usr/lib/libenergytrace.dylib
0x0000000053034000 	/System/Library/PrivateFrameworks/SkyLight.framework/Versions/A/SkyLight
0x0000000053034000 	/System/Library/Frameworks/CoreGraphics.framework/Versions/A/CoreGraphics
0x0000000053034000 	/usr/lib/libScreenReader.dylib
0x0000000053034000 	/System/Library/Frameworks/Accelerate.framework/Versions/A/Accelerate
0x0000000053034000 	/System/Library/Frameworks/IOSurface.framework/Versions/A/IOSurface
0x0000000053034000 	/System/Library/Frameworks/AudioToolbox.framework/Versions/A/AudioToolbox
0x0000000053034000 	/System/Library/Frameworks/AudioUnit.framework/Versions/A/AudioUnit
0x0000000053034000 	/System/Library/PrivateFrameworks/DataDetectorsCore.framework/Versions/A/DataDetectorsCore
0x0000000053034000 	/System/Library/PrivateFrameworks/DesktopServicesPriv.framework/Versions/A/DesktopServicesPriv
0x0000000053034000 	/System/Library/Frameworks/Carbon.framework/Versions/A/Frameworks/HIToolbox.framework/Versions/A/HIToolbox
0x0000000053034000 	/usr/lib/libicucore.A.dylib
0x0000000053034000 	/System/Library/Frameworks/QuartzCore.framework/Versions/A/QuartzCore
0x0000000053034000 	/System/Library/Frameworks/Carbon.framework/Versions/A/Frameworks/SpeechRecognition.framework/Versions/A/SpeechRecognition
0x0000000053034000 	/usr/lib/libauto.dylib
0x0000000053034000 	/usr/lib/libxml2.2.dylib
0x0000000053034000 	/System/Library/PrivateFrameworks/CoreUI.framework/Versions/A/CoreUI
0x0000000053034000 	/System/Library/Frameworks/CoreAudio.framework/Versions/A/CoreAudio
0x0000000053034000 	/System/Library/Frameworks/DiskArbitration.framework/Versions/A/DiskArbitration
0x0000000053034000 	/usr/lib/liblangid.dylib
0x0000000053034000 	/System/Library/PrivateFrameworks/MultitouchSupport.framework/Versions/A/MultitouchSupport
0x0000000053034000 	/System/Library/Frameworks/IOKit.framework/Versions/A/IOKit
0x0000000053034000 	/usr/lib/libDiagnosticMessagesClient.dylib
0x0000000053034000 	/System/Library/Frameworks/CoreServices.framework/Versions/A/CoreServices
0x0000000053034000 	/System/Library/PrivateFrameworks/PerformanceAnalysis.framework/Versions/A/PerformanceAnalysis
0x0000000053034000 	/System/Library/PrivateFrameworks/GenerationalStorage.framework/Versions/A/GenerationalStorage
0x0000000053034000 	/System/Library/Frameworks/OpenGL.framework/Versions/A/OpenGL
0x0000000053034000 	/System/Library/Frameworks/CoreImage.framework/Versions/A/CoreImage
0x0000000053034000 	/System/Library/Frameworks/CoreText.framework/Versions/A/CoreText
0x0000000053034000 	/System/Library/Frameworks/ImageIO.framework/Versions/A/ImageIO
0x0000000053034000 	/System/Library/PrivateFrameworks/Backup.framework/Versions/A/Backup
0x0000000053034000 	/usr/lib/libarchive.2.dylib
0x0000000053034000 	/System/Library/Frameworks/CFNetwork.framework/Versions/A/CFNetwork
0x0000000053034000 	/System/Library/Frameworks/SystemConfiguration.framework/Versions/A/SystemConfiguration
0x0000000053034000 	/usr/lib/libCRFSuite.dylib
0x0000000053034000 	/usr/lib/libc++.1.dylib
0x0000000053034000 	/usr/lib/libc++abi.dylib
0x0000000053034000 	/usr/lib/system/libcache.dylib
0x0000000053034000 	/usr/lib/system/libcommonCrypto.dylib
0x0000000053034000 	/usr/lib/system/libcompiler_rt.dylib
0x0000000053034000 	/usr/lib/system/libcopyfile.dylib
0x0000000053034000 	/usr/lib/system/libcorecrypto.dylib
0x0000000053034000 	/usr/lib/system/libdispatch.dylib
0x0000000053034000 	/usr/lib/system/libdyld.dylib
0x0000000053034000 	/usr/lib/system/libkeymgr.dylib
0x0000000053034000 	/usr/lib/system/liblaunch.dylib
0x0000000053034000 	/usr/lib/system/libmacho.dylib
0x0000000053034000 	/usr/lib/system/libquarantine.dylib
0x0000000053034000 	/usr/lib/system/libremovefile.dylib
0x0000000053034000 	/usr/lib/system/libsystem_asl.dylib
0x0000000053034000 	/usr/lib/system/libsystem_blocks.dylib
0x0000000053034000 	/usr/lib/system/libsystem_c.dylib
0x0000000053034000 	/usr/lib/system/libsystem_configuration.dylib
0x0000000053034000 	/usr/lib/system/libsystem_coreservices.dylib
0x0000000053034000 	/usr/lib/system/libsystem_coretls.dylib
0x0000000053034000 	/usr/lib/system/libsystem_dnssd.dylib
0x0000000053034000 	/usr/lib/system/libsystem_info.dylib
0x0000000053034000 	/usr/lib/system/libsystem_kernel.dylib
0x0000000053034000 	/usr/lib/system/libsystem_m.dylib
0x0000000053034000 	/usr/lib/system/libsystem_malloc.dylib
0x0000000053034000 	/usr/lib/system/libsystem_network.dylib
0x0000000053034000 	/usr/lib/system/libsystem_networkextension.dylib
0x0000000053034000 	/usr/lib/system/libsystem_notify.dylib
0x0000000053034000 	/usr/lib/system/libsystem_platform.dylib
0x0000000053034000 	/usr/lib/system/libsystem_pthread.dylib
0x0000000053034000 	/usr/lib/system/libsystem_sandbox.dylib
0x0000000053034000 	/usr/lib/system/libsystem_secinit.dylib
0x0000000053034000 	/usr/lib/system/libsystem_symptoms.dylib
0x0000000053034000 	/usr/lib/system/libsystem_trace.dylib
0x0000000053034000 	/usr/lib/system/libunwind.dylib
0x0000000053034000 	/usr/lib/system/libxpc.dylib
0x0000000053034000 	/usr/lib/libbsm.0.dylib
0x0000000053034000 	/usr/lib/system/libkxld.dylib
0x0000000053034000 	/usr/lib/libcoretls.dylib
0x0000000053034000 	/usr/lib/libcoretls_cfhelpers.dylib
0x0000000053034000 	/usr/lib/libOpenScriptingUtil.dylib
0x0000000053034000 	/usr/lib/libpam.2.dylib
0x0000000053034000 	/usr/lib/libsqlite3.dylib
0x0000000053034000 	/usr/lib/libxar.1.dylib
0x0000000053034000 	/usr/lib/libbz2.1.0.dylib
0x0000000053034000 	/usr/lib/liblzma.5.dylib
0x0000000053034000 	/usr/lib/libnetwork.dylib
0x0000000053034000 	/usr/lib/libpcap.A.dylib
0x0000000053034000 	/System/Library/Frameworks/CoreServices.framework/Versions/A/Frameworks/FSEvents.framework/Versions/A/FSEvents
0x0000000053034000 	/System/Library/Frameworks/CoreServices.framework/Versions/A/Frameworks/CarbonCore.framework/Versions/A/CarbonCore
0x0000000053034000 	/System/Library/Frameworks/CoreServices.framework/Versions/A/Frameworks/Metadata.framework/Versions/A/Metadata
0x0000000053034000 	/System/Library/Frameworks/CoreServices.framework/Versions/A/Frameworks/OSServices.framework/Versions/A/OSServices
0x0000000053034000 	/System/Library/Frameworks/CoreServices.framework/Versions/A/Frameworks/SearchKit.framework/Versions/A/SearchKit
0x0000000053034000 	/System/Library/Frameworks/CoreServices.framework/Versions/A/Frameworks/AE.framework/Versions/A/AE
0x0000000053034000 	/System/Library/Frameworks/CoreServices.framework/Versions/A/Frameworks/LaunchServices.framework/Versions/A/LaunchServices
0x0000000053034000 	/System/Library/Frameworks/CoreServices.framework/Versions/A/Frameworks/DictionaryServices.framework/Versions/A/DictionaryServices
0x0000000053034000 	/System/Library/Frameworks/CoreServices.framework/Versions/A/Frameworks/SharedFileList.framework/Versions/A/SharedFileList
0x0000000053034000 	/System/Library/Frameworks/NetFS.framework/Versions/A/NetFS
0x0000000053034000 	/System/Library/PrivateFrameworks/NetAuth.framework/Versions/A/NetAuth
0x0000000053034000 	/System/Library/PrivateFrameworks/login.framework/Versions/A/Frameworks/loginsupport.framework/Versions/A/loginsupport
0x0000000053034000 	/System/Library/PrivateFrameworks/TCC.framework/Versions/A/TCC
0x0000000053034000 	/usr/lib/libmecabra.dylib
0x0000000053034000 	/System/Library/Frameworks/ApplicationServices.framework/Versions/A/Frameworks/ATS.framework/Versions/A/ATS
0x0000000053034000 	/System/Library/Frameworks/ApplicationServices.framework/Versions/A/Frameworks/ColorSync.framework/Versions/A/ColorSync
0x0000000053034000 	/System/Library/Frameworks/ApplicationServices.framework/Versions/A/Frameworks/HIServices.framework/Versions/A/HIServices
0x0000000053034000 	/System/Library/Frameworks/ApplicationServices.framework/Versions/A/Frameworks/LangAnalysis.framework/Versions/A/LangAnalysis
0x0000000053034000 	/System/Library/Frameworks/ApplicationServices.framework/Versions/A/Frameworks/PrintCore.framework/Versions/A/PrintCore
0x0000000053034000 	/System/Library/Frameworks/ApplicationServices.framework/Versions/A/Frameworks/QD.framework/Versions/A/QD
0x0000000053034000 	/System/Library/Frameworks/ApplicationServices.framework/Versions/A/Frameworks/SpeechSynthesis.framework/Versions/A/SpeechSynthesis
0x0000000053034000 	/System/Library/Frameworks/Accelerate.framework/Versions/A/Frameworks/vImage.framework/Versions/A/vImage
0x0000000053034000 	/System/Library/Frameworks/Accelerate.framework/Versions/A/Frameworks/vecLib.framework/Versions/A/vecLib
0x0000000053034000 	/System/Library/Frameworks/Accelerate.framework/Versions/A/Frameworks/vecLib.framework/Versions/A/libvDSP.dylib
0x0000000053034000 	/System/Library/Frameworks/Accelerate.framework/Versions/A/Frameworks/vecLib.framework/Versions/A/libBNNS.dylib
0x0000000053034000 	/System/Library/Frameworks/Accelerate.framework/Versions/A/Frameworks/vecLib.framework/Versions/A/libQuadrature.dylib
0x0000000053034000 	/System/Library/Frameworks/Accelerate.framework/Versions/A/Frameworks/vecLib.framework/Versions/A/libvMisc.dylib
0x0000000053034000 	/System/Library/Frameworks/Accelerate.framework/Versions/A/Frameworks/vecLib.framework/Versions/A/libLAPACK.dylib
0x0000000053034000 	/System/Library/Frameworks/Accelerate.framework/Versions/A/Frameworks/vecLib.framework/Versions/A/libBLAS.dylib
0x0000000053034000 	/System/Library/Frameworks/Accelerate.framework/Versions/A/Frameworks/vecLib.framework/Versions/A/libLinearAlgebra.dylib
0x0000000053034000 	/System/Library/Frameworks/Accelerate.framework/Versions/A/Frameworks/vecLib.framework/Versions/A/libSparseBLAS.dylib
0x0000000053034000 	/System/Library/Frameworks/ApplicationServices.framework/Versions/A/Frameworks/ATS.framework/Versions/A/Resources/libFontParser.dylib
0x0000000053034000 	/System/Library/Frameworks/ApplicationServices.framework/Versions/A/Frameworks/ATS.framework/Versions/A/Resources/libFontRegistry.dylib
0x0000000053034000 	/System/Library/Frameworks/ImageIO.framework/Versions/A/Resources/libJPEG.dylib
0x0000000053034000 	/System/Library/Frameworks/ImageIO.framework/Versions/A/Resources/libTIFF.dylib
0x0000000053034000 	/System/Library/Frameworks/ImageIO.framework/Versions/A/Resources/libPng.dylib
0x0000000053034000 	/System/Library/Frameworks/ImageIO.framework/Versions/A/Resources/libGIF.dylib
0x0000000053034000 	/System/Library/Frameworks/ImageIO.framework/Versions/A/Resources/libJP2.dylib
0x0000000053034000 	/System/Library/Frameworks/ImageIO.framework/Versions/A/Resources/libRadiance.dylib
0x0000000053034000 	/usr/lib/libcompression.dylib
0x0000000053034000 	/System/Library/PrivateFrameworks/AppleJPEG.framework/Versions/A/AppleJPEG
0x0000000053034000 	/usr/lib/libcups.2.dylib
0x0000000053034000 	/System/Library/Frameworks/Kerberos.framework/Versions/A/Kerberos
0x0000000053034000 	/System/Library/Frameworks/GSS.framework/Versions/A/GSS
0x0000000053034000 	/usr/lib/libresolv.9.dylib
0x0000000053034000 	/usr/lib/libiconv.2.dylib
0x0000000053034000 	/System/Library/PrivateFrameworks/Heimdal.framework/Versions/A/Heimdal
0x0000000053034000 	/usr/lib/libheimdal-asn1.dylib
0x0000000053034000 	/System/Library/Frameworks/OpenDirectory.framework/Versions/A/OpenDirectory
0x0000000053034000 	/System/Library/PrivateFrameworks/CommonAuth.framework/Versions/A/CommonAuth
0x0000000053034000 	/System/Library/Frameworks/OpenDirectory.framework/Versions/A/Frameworks/CFOpenDirectory.framework/Versions/A/CFOpenDirectory
0x0000000053034000 	/System/Library/Frameworks/SecurityFoundation.framework/Versions/A/SecurityFoundation
0x0000000053034000 	/System/Library/PrivateFrameworks/LanguageModeling.framework/Versions/A/LanguageModeling
0x0000000053034000 	/usr/lib/libmarisa.dylib
0x0000000053034000 	/usr/lib/libChineseTokenizer.dylib
0x0000000053034000 	/usr/lib/libcmph.dylib
0x0000000053034000 	/System/Library/PrivateFrameworks/CoreEmoji.framework/Versions/A/CoreEmoji
0x0000000053034000 	/System/Library/Frameworks/ServiceManagement.framework/Versions/A/ServiceManagement
0x0000000053034000 	/usr/lib/libxslt.1.dylib
0x0000000053034000 	/System/Library/Frameworks/Carbon.framework/Versions/A/Frameworks/Ink.framework/Versions/A/Ink
0x0000000053034000 	/System/Library/PrivateFrameworks/TextureIO.framework/Versions/A/TextureIO
0x0000000053034000 	/System/Library/Frameworks/Metal.framework/Versions/A/Metal
0x0000000053034000 	/usr/lib/libate.dylib
0x0000000053034000 	/System/Library/PrivateFrameworks/GPUCompiler.framework/libmetal_timestamp.dylib
0x0000000053034000 	/System/Library/Frameworks/OpenGL.framework/Versions/A/Libraries/libCoreFSCache.dylib
0x0000000053034000 	/System/Library/PrivateFrameworks/IOAccelerator.framework/Versions/A/IOAccelerator
0x0000000053034000 	/System/Library/Frameworks/CoreVideo.framework/Versions/A/CoreVideo
0x0000000053034000 	/usr/lib/libFosl_dynamic.dylib
0x0000000053034000 	/System/Library/PrivateFrameworks/MetalPerformanceShaders.framework/Versions/A/MetalPerformanceShaders
0x0000000053034000 	/System/Library/PrivateFrameworks/FaceCore.framework/Versions/A/FaceCore
0x0000000053034000 	/System/Library/Frameworks/OpenCL.framework/Versions/A/OpenCL
0x0000000053034000 	/System/Library/Frameworks/OpenGL.framework/Versions/A/Libraries/libGLU.dylib
0x0000000053034000 	/System/Library/Frameworks/OpenGL.framework/Versions/A/Libraries/libGFXShared.dylib
0x0000000053034000 	/System/Library/Frameworks/OpenGL.framework/Versions/A/Libraries/libGL.dylib
0x0000000053034000 	/System/Library/Frameworks/OpenGL.framework/Versions/A/Libraries/libGLImage.dylib
0x0000000053034000 	/System/Library/Frameworks/OpenGL.framework/Versions/A/Libraries/libCVMSPluginSupport.dylib
0x0000000053034000 	/System/Library/Frameworks/OpenGL.framework/Versions/A/Libraries/libCoreVMClient.dylib
0x0000000053034000 	/System/Library/PrivateFrameworks/CrashReporterSupport.framework/Versions/A/CrashReporterSupport
0x0000000053034000 	/System/Library/PrivateFrameworks/Sharing.framework/Versions/A/Sharing
0x0000000053034000 	/System/Library/PrivateFrameworks/IconServices.framework/Versions/A/IconServices
0x0000000053034000 	/System/Library/PrivateFrameworks/ProtocolBuffer.framework/Versions/A/ProtocolBuffer
0x0000000053034000 	/System/Library/PrivateFrameworks/Apple80211.framework/Versions/A/Apple80211
0x0000000053034000 	/System/Library/Frameworks/CoreWLAN.framework/Versions/A/CoreWLAN
0x0000000053034000 	/System/Library/PrivateFrameworks/CoreUtils.framework/Versions/A/CoreUtils
0x0000000053034000 	/System/Library/Frameworks/IOBluetooth.framework/Versions/A/IOBluetooth
0x0000000053034000 	/System/Library/PrivateFrameworks/CoreWiFi.framework/Versions/A/CoreWiFi
0x0000000053034000 	/System/Library/Frameworks/CoreBluetooth.framework/Versions/A/CoreBluetooth
0x0000000053034000 	/System/Library/Frameworks/CoreDisplay.framework/Versions/A/CoreDisplay
0x0000000053034000 	/System/Library/PrivateFrameworks/IOPresentment.framework/Versions/A/IOPresentment
0x0000000053034000 	/System/Library/PrivateFrameworks/DSExternalDisplay.framework/Versions/A/DSExternalDisplay
0x0000000053034000 	/System/Library/PrivateFrameworks/DebugSymbols.framework/Versions/A/DebugSymbols
0x0000000053034000 	/System/Library/PrivateFrameworks/CoreSymbolication.framework/Versions/A/CoreSymbolication
0x0000000053034000 	/System/Library/PrivateFrameworks/Symbolication.framework/Versions/A/Symbolication
0x0000000053034000 	/System/Library/PrivateFrameworks/AppleFSCompression.framework/Versions/A/AppleFSCompression
0x0000000053034000 	/System/Library/PrivateFrameworks/SpeechRecognitionCore.framework/Versions/A/SpeechRecognitionCore
0x0000000053034000 	/System/Library/PrivateFrameworks/ChunkingLibrary.framework/Versions/A/ChunkingLibrary
0x0000000101e00000 	/Library/Java/JavaVirtualMachines/jdk1.8.0_144.jdk/Contents/Home/jre/lib/server/libjvm.dylib
0x0000000053034000 	/usr/lib/libstdc++.6.dylib
0x0000000100d1e000 	/Library/Java/JavaVirtualMachines/jdk1.8.0_144.jdk/Contents/Home/jre/lib/libverify.dylib
0x0000000100d2c000 	/Library/Java/JavaVirtualMachines/jdk1.8.0_144.jdk/Contents/Home/jre/lib/libjava.dylib
0x0000000100d6b000 	/Library/Java/JavaVirtualMachines/jdk1.8.0_144.jdk/Contents/Home/jre/lib/libzip.dylib
0x0000000106de6000 	/System/Library/Frameworks/JavaVM.framework/Frameworks/JavaRuntimeSupport.framework/JavaRuntimeSupport
0x0000000106e00000 	/System/Library/Frameworks/JavaVM.framework/Versions/A/Frameworks/JavaNativeFoundation.framework/Versions/A/JavaNativeFoundation
0x0000000100ded000 	/System/Library/Frameworks/JavaVM.framework/Versions/A/JavaVM
0x0000000053034000 	/System/Library/Frameworks/Carbon.framework/Versions/A/Carbon
0x0000000106e15000 	/System/Library/PrivateFrameworks/JavaLaunching.framework/Versions/A/JavaLaunching
0x0000000053034000 	/System/Library/Frameworks/Carbon.framework/Versions/A/Frameworks/CommonPanels.framework/Versions/A/CommonPanels
0x0000000053034000 	/System/Library/Frameworks/Carbon.framework/Versions/A/Frameworks/Help.framework/Versions/A/Help
0x0000000053034000 	/System/Library/Frameworks/Carbon.framework/Versions/A/Frameworks/ImageCapture.framework/Versions/A/ImageCapture
0x0000000053034000 	/System/Library/Frameworks/Carbon.framework/Versions/A/Frameworks/OpenScripting.framework/Versions/A/OpenScripting
0x0000000053034000 	/System/Library/Frameworks/Carbon.framework/Versions/A/Frameworks/Print.framework/Versions/A/Print
0x0000000053034000 	/System/Library/Frameworks/Carbon.framework/Versions/A/Frameworks/SecurityHI.framework/Versions/A/SecurityHI
0x0000000106f02000 	/Library/Java/JavaVirtualMachines/jdk1.8.0_144.jdk/Contents/Home/jre/lib/libawt.dylib
0x0000000106faa000 	/Library/Java/JavaVirtualMachines/jdk1.8.0_144.jdk/Contents/Home/jre/lib/./libmlib_image.dylib
0x0000000107076000 	/Library/Java/JavaVirtualMachines/jdk1.8.0_144.jdk/Contents/Home/jre/lib/libawt_lwawt.dylib
0x000000010712d000 	/Library/Java/JavaVirtualMachines/jdk1.8.0_144.jdk/Contents/Home/jre/lib/./libosxapp.dylib
0x0000000053034000 	/System/Library/Frameworks/ExceptionHandling.framework/Versions/A/ExceptionHandling
0x0000000053034000 	/System/Library/PrivateFrameworks/CoreServicesInternal.framework/Versions/A/CoreServicesInternal
0x0000000053034000 	/System/Library/CoreServices/RawCamera.bundle/Contents/MacOS/RawCamera
0x0000000053034000 	/System/Library/Frameworks/Accelerate.framework/Versions/A/Frameworks/vImage.framework/Versions/A/Libraries/libCGInterfaces.dylib
0x0000000053034000 	/System/Library/Frameworks/ApplicationServices.framework/Versions/A/Frameworks/ATS.framework/Versions/A/Resources/libTrueTypeScaler.dylib
0x0000000121b91000 	/System/Library/Frameworks/OpenGL.framework/Resources/GLEngine.bundle/GLEngine
0x0000000053034000 	/System/Library/Frameworks/OpenGL.framework/Versions/A/Libraries/libGLProgrammability.dylib
0x0000000121d76000 	/System/Library/Extensions/AppleIntelHD5000GraphicsGLDriver.bundle/Contents/MacOS/AppleIntelHD5000GraphicsGLDriver
0x0000000053034000 	/System/Library/PrivateFrameworks/GPUSupport.framework/Versions/A/Libraries/libGPUSupportMercury.dylib
0x00000001224e4000 	/System/Library/Frameworks/OpenGL.framework/Resources//GLRendererFloat.bundle/GLRendererFloat
0x0000000053034000 	/System/Library/Frameworks/OpenCL.framework/Versions/A/Libraries/libcldcpuengine.dylib
0x0000000053034000 	/usr/lib/libcrypto.0.9.8.dylib
0x0000000053034000 	/System/Library/PrivateFrameworks/TrustEvaluationAgent.framework/Versions/A/TrustEvaluationAgent
0x0000000122518000 	/System/Library/Extensions/AppleIntelHD5000GraphicsMTLDriver.bundle/Contents/MacOS/AppleIntelHD5000GraphicsMTLDriver
0x0000000053034000 	/System/Library/PrivateFrameworks/FamilyControls.framework/Versions/A/FamilyControls
0x0000000053034000 	/System/Library/PrivateFrameworks/CommerceKit.framework/Versions/A/Frameworks/CommerceCore.framework/Versions/A/CommerceCore
0x0000000053034000 	/System/Library/PrivateFrameworks/SystemAdministration.framework/Versions/A/SystemAdministration
0x0000000053034000 	/System/Library/PrivateFrameworks/AppContainer.framework/Versions/A/AppContainer
0x0000000053034000 	/System/Library/PrivateFrameworks/SecCodeWrapper.framework/Versions/A/SecCodeWrapper
0x0000000053034000 	/System/Library/Frameworks/DirectoryService.framework/Versions/A/DirectoryService
0x0000000053034000 	/System/Library/PrivateFrameworks/DiskImages.framework/Versions/A/DiskImages
0x0000000053034000 	/System/Library/PrivateFrameworks/LoginUIKit.framework/Versions/A/Frameworks/LoginUICore.framework/Versions/A/LoginUICore
0x0000000053034000 	/usr/lib/libCoreStorage.dylib
0x0000000053034000 	/usr/lib/libcsfde.dylib
0x0000000053034000 	/usr/lib/libodfde.dylib
0x0000000053034000 	/System/Library/Frameworks/DiscRecording.framework/Versions/A/DiscRecording
0x0000000053034000 	/usr/lib/libcurl.4.dylib
0x0000000053034000 	/System/Library/PrivateFrameworks/MediaKit.framework/Versions/A/MediaKit
0x0000000053034000 	/System/Library/PrivateFrameworks/ProtectedCloudStorage.framework/Versions/A/ProtectedCloudStorage
0x0000000053034000 	/System/Library/PrivateFrameworks/EFILogin.framework/Versions/A/EFILogin
0x0000000053034000 	/usr/lib/libutil.dylib
0x0000000053034000 	/System/Library/Frameworks/LDAP.framework/Versions/A/LDAP
0x0000000053034000 	/usr/lib/libsasl2.2.dylib
0x0000000053034000 	/System/Library/PrivateFrameworks/CoreDaemon.framework/Versions/B/CoreDaemon
0x0000000053034000 	/System/Library/PrivateFrameworks/AppleSRP.framework/Versions/A/AppleSRP
0x0000000053034000 	/System/Library/PrivateFrameworks/APFS.framework/Versions/A/APFS
0x00000001239e3000 	/Library/Java/JavaVirtualMachines/jdk1.8.0_144.jdk/Contents/Home/jre/lib/libnet.dylib
0x0000000107828000 	/Library/Java/JavaVirtualMachines/jdk1.8.0_144.jdk/Contents/Home/jre/lib/libnio.dylib
0x000000010781b000 	/private/var/folders/50/fd_b_s494glfqk72kyp7556wm1sn9d/T/jogamp_0000/file_cache/jln1674407558197062110/jln503043361999771529/natives/macosx-universal/libgluegen-rt.jnilib
0x0000000123c1f000 	/Library/Java/JavaVirtualMachines/jdk1.8.0_144.jdk/Contents/Home/jre/lib/libfontmanager.dylib
0x0000000053034000 	/System/Library/PrivateFrameworks/ViewBridge.framework/Versions/A/ViewBridge
0x0000000053034000 	/System/Library/PrivateFrameworks/XPCService.framework/Versions/A/XPCService
0x0000000053034000 	/System/Library/PrivateFrameworks/AppSandbox.framework/Versions/A/AppSandbox
0x0000000053034000 	/usr/lib/libsandbox.1.dylib
0x0000000053034000 	/usr/lib/libMatch.1.dylib
0x000000010781f000 	/private/var/folders/50/fd_b_s494glfqk72kyp7556wm1sn9d/T/jogamp_0000/file_cache/jln1674407558197062110/jln503043361999771529/natives/macosx-universal/libnativewindow_awt.jnilib
0x0000000107822000 	/Library/Java/JavaVirtualMachines/jdk1.8.0_144.jdk/Contents/Home/jre/lib/libjawt.dylib
0x0000000124726000 	/private/var/folders/50/fd_b_s494glfqk72kyp7556wm1sn9d/T/jogamp_0000/file_cache/jln1674407558197062110/jln503043361999771529/natives/macosx-universal/libnativewindow_macosx.jnilib
0x0000000124995000 	/private/var/folders/50/fd_b_s494glfqk72kyp7556wm1sn9d/T/jogamp_0000/file_cache/jln1674407558197062110/jln503043361999771529/natives/macosx-universal/libjogl_desktop.jnilib
0x0000000124a69000 	/private/var/folders/50/fd_b_s494glfqk72kyp7556wm1sn9d/T/jogamp_0000/file_cache/jln1674407558197062110/jln503043361999771529/natives/macosx-universal/libjogl_mobile.jnilib
0x0000000124cd0000 	/Library/Java/JavaVirtualMachines/jdk1.8.0_144.jdk/Contents/Home/jre/lib/libosxui.dylib

VM Arguments:
jvm_args: -Dfile.encoding=UTF-8 
java_command: mdsd.Main
java_class_path (initial): /Library/Java/JavaVirtualMachines/jdk1.8.0_144.jdk/Contents/Home/jre/lib/resources.jar:/Library/Java/JavaVirtualMachines/jdk1.8.0_144.jdk/Contents/Home/jre/lib/rt.jar:/Library/Java/JavaVirtualMachines/jdk1.8.0_144.jdk/Contents/Home/jre/lib/jsse.jar:/Library/Java/JavaVirtualMachines/jdk1.8.0_144.jdk/Contents/Home/jre/lib/jce.jar:/Library/Java/JavaVirtualMachines/jdk1.8.0_144.jdk/Contents/Home/jre/lib/charsets.jar:/Library/Java/JavaVirtualMachines/jdk1.8.0_144.jdk/Contents/Home/jre/lib/jfr.jar:/Library/Java/JavaVirtualMachines/jdk1.8.0_144.jdk/Contents/Home/jre/lib/ext/cldrdata.jar:/Library/Java/JavaVirtualMachines/jdk1.8.0_144.jdk/Contents/Home/jre/lib/ext/dnsns.jar:/Library/Java/JavaVirtualMachines/jdk1.8.0_144.jdk/Contents/Home/jre/lib/ext/jaccess.jar:/Library/Java/JavaVirtualMachines/jdk1.8.0_144.jdk/Contents/Home/jre/lib/ext/jfxrt.jar:/Library/Java/JavaVirtualMachines/jdk1.8.0_144.jdk/Contents/Home/jre/lib/ext/localedata.jar:/Library/Java/JavaVirtualMachines/jdk1.8.0_144.jdk/Contents/Home/jre/lib/ext/nashorn.jar:/Library/Java/JavaVirtualMachines/jdk1.8.0_144.jdk/Contents/Home/jre/lib/ext/sunec.jar:/Library/Java/JavaVirtualMachines/jdk1.8.0_144.jdk/Contents/Home/jre/lib/ext/sunjce_provider.jar:/Library/Java/JavaVirtualMachines/jdk1.8.0_144.jdk/Contents/Home/jre/lib/ext/sunpkcs11.jar:/Library/Java/JavaVirtualMachines/jdk1.8.0_144.jdk/Contents/Home/jre/lib/ext/zipfs.jar:/System/Library/Java/Extensions/AppleScriptEngine.jar:/System/Library/Java/Extensions/dns_sd.jar:/System/Library/Java/Extensions/jai_codec.jar:/System/Library/Java/Extensions/jai_core.jar:/System/Library/Java/Extensions/mlibwrapper_jai.jar:/System/Library/Java/Extensions/MRJToolkit.jar:/Users/gsergio/Documents/wokspace_MDSD/mdsd/target/classes:/Users/gsergio/.m2/repository/MDSDProject/MDSDProject/0.0.1-SNAPSHOT/MDSDProject-0.0.1-SNAPSHOT.jar:/Users/gsergio/.m2/repository/MDSDProject/j3dcore/1.0/j3dcore-1.0.jar:/Users/gsergio/.m2/repository/MDSDProject/j3dutils/1.0/j3dutil
Launcher Type: SUN_STANDARD

Environment Variables:
PATH=/usr/bin:/bin:/usr/sbin:/sbin
SHELL=/bin/bash
DISPLAY=/private/tmp/com.apple.launchd.BNAEPCWjur/org.macosforge.xquartz:0

Signal Handlers:
SIGSEGV: [libjvm.dylib+0x5b26e5], sa_mask[0]=11111111011111110111111111111111, sa_flags=SA_ONSTACK|SA_RESTART|SA_SIGINFO
SIGBUS: [libjvm.dylib+0x5b26e5], sa_mask[0]=11111111011111110111111111111111, sa_flags=SA_RESTART|SA_SIGINFO
SIGFPE: [libjvm.dylib+0x489100], sa_mask[0]=11111111011111110111111111111111, sa_flags=SA_RESTART|SA_SIGINFO
SIGPIPE: [libjvm.dylib+0x489100], sa_mask[0]=11111111011111110111111111111111, sa_flags=SA_RESTART|SA_SIGINFO
SIGXFSZ: [libjvm.dylib+0x489100], sa_mask[0]=11111111011111110111111111111111, sa_flags=SA_RESTART|SA_SIGINFO
SIGILL: [libjvm.dylib+0x489100], sa_mask[0]=11111111011111110111111111111111, sa_flags=SA_RESTART|SA_SIGINFO
SIGUSR1: SIG_DFL, sa_mask[0]=00000000000000000000000000000000, sa_flags=none
SIGUSR2: [libjvm.dylib+0x488c1e], sa_mask[0]=00100000000000000000000000000000, sa_flags=SA_RESTART|SA_SIGINFO
SIGHUP: [libjvm.dylib+0x4871f5], sa_mask[0]=11111111011111110111111111111111, sa_flags=SA_RESTART|SA_SIGINFO
SIGINT: [libjvm.dylib+0x4871f5], sa_mask[0]=11111111011111110111111111111111, sa_flags=SA_RESTART|SA_SIGINFO
SIGTERM: [libjvm.dylib+0x4871f5], sa_mask[0]=11111111011111110111111111111111, sa_flags=SA_RESTART|SA_SIGINFO
SIGQUIT: [libjvm.dylib+0x4871f5], sa_mask[0]=11111111011111110111111111111111, sa_flags=SA_RESTART|SA_SIGINFO


---------------  S Y S T E M  ---------------

OS:Bsduname:Darwin 16.7.0 Darwin Kernel Version 16.7.0: Thu Jun 21 20:07:39 PDT 2018; root:xnu-3789.73.14~1/RELEASE_X86_64 x86_64
rlimit: STACK 8192k, CORE 0k, NPROC 709, NOFILE 10240, AS infinity
load average:1.84 1.90 1.82

CPU:total 8 (initial active 8) (4 cores per cpu, 2 threads per core) family 6 model 70 stepping 1, cmov, cx8, fxsr, mmx, sse, sse2, sse3, ssse3, sse4.1, sse4.2, popcnt, avx, avx2, aes, clmul, erms, lzcnt, ht, tsc, tscinvbit, bmi1, bmi2

Memory: 4k page, physical 16777216k(2253428k free)

/proc/meminfo:


vm_info: Java HotSpot(TM) 64-Bit Server VM (25.144-b01) for bsd-amd64 JRE (1.8.0_144-b01), built on Jul 21 2017 22:07:42 by "java_re" with gcc 4.2.1 (Based on Apple Inc. build 5658) (LLVM build 2336.11.00)

time: Wed Oct 17 17:48:29 2018
elapsed time: 3 seconds (0d 0h 0m 3s)

